<?xml version="1.0" encoding="UTF-8" ?>
<testsuite tests="11" failures="0" name="TestRunner" time="0.003" errors="0" skipped="0">
  <properties>
    <property name="java.vendor" value="Oracle Corporation"/>
    <property name="JOB_NAME" value="MavenProjectTest"/>
    <property name="sun.java.launcher" value="SUN_STANDARD"/>
    <property name="sun.management.compiler" value="HotSpot 64-Bit Tiered Compilers"/>
    <property name="JAVA_MAIN_CLASS_17712" value="Main"/>
    <property name="JENKINS_HOME" value="/Users/wkdu/.jenkins"/>
    <property name="PATH" value="/Library/java/JavaVirtualMachines/jdk1.8.0_74.jdk/Contents/Home/bin:/usr/bin:/bin:/usr/sbin:/sbin"/>
    <property name="HUDSON_SERVER_COOKIE" value="46d11388acdc7ce3"/>
    <property name="POM_ARTIFACTID" value="cucumber"/>
    <property name="os.name" value="Mac OS X"/>
    <property name="sun.boot.class.path" value="/Library/Java/JavaVirtualMachines/jdk1.8.0_74.jdk/Contents/Home/jre/lib/resources.jar:/Library/Java/JavaVirtualMachines/jdk1.8.0_74.jdk/Contents/Home/jre/lib/rt.jar:/Library/Java/JavaVirtualMachines/jdk1.8.0_74.jdk/Contents/Home/jre/lib/sunrsasign.jar:/Library/Java/JavaVirtualMachines/jdk1.8.0_74.jdk/Contents/Home/jre/lib/jsse.jar:/Library/Java/JavaVirtualMachines/jdk1.8.0_74.jdk/Contents/Home/jre/lib/jce.jar:/Library/Java/JavaVirtualMachines/jdk1.8.0_74.jdk/Contents/Home/jre/lib/charsets.jar:/Library/Java/JavaVirtualMachines/jdk1.8.0_74.jdk/Contents/Home/jre/lib/jfr.jar:/Library/Java/JavaVirtualMachines/jdk1.8.0_74.jdk/Contents/Home/jre/classes"/>
    <property name="EXECUTOR_NUMBER" value="0"/>
    <property name="java.vm.specification.vendor" value="Oracle Corporation"/>
    <property name="POM_DISPLAYNAME" value="cucumber"/>
    <property name="NODE_LABELS" value="master"/>
    <property name="java.runtime.version" value="1.8.0_74-b02"/>
    <property name="user.name" value="wkdu"/>
    <property name="guice.disable.misplaced.annotation.check" value="true"/>
    <property name="user.language" value="zh"/>
    <property name="COMMAND_MODE" value="unix2003"/>
    <property name="BUILD_DISPLAY_NAME" value="#19"/>
    <property name="TMPDIR" value="/var/folders/4h/d1sl3_hs1vd9fcm957x9qdqr0000gn/T/"/>
    <property name="sun.boot.library.path" value="/Library/Java/JavaVirtualMachines/jdk1.8.0_74.jdk/Contents/Home/jre/lib"/>
    <property name="java.version" value="1.8.0_74"/>
    <property name="XPC_FLAGS" value="0x0"/>
    <property name="user.timezone" value="Asia/Chongqing"/>
    <property name="sun.arch.data.model" value="64"/>
    <property name="NODE_NAME" value="master"/>
    <property name="http.nonProxyHosts" value="local|*.local|169.254/16|*.169.254/16"/>
    <property name="java.endorsed.dirs" value="/Library/Java/JavaVirtualMachines/jdk1.8.0_74.jdk/Contents/Home/jre/lib/endorsed"/>
    <property name="BUILD_ID" value="19"/>
    <property name="sun.cpu.isalist" value=""/>
    <property name="sun.jnu.encoding" value="UTF-8"/>
    <property name="file.encoding.pkg" value="sun.io"/>
    <property name="SHELL" value="/bin/zsh"/>
    <property name="file.separator" value="/"/>
    <property name="java.specification.name" value="Java Platform API Specification"/>
    <property name="java.class.version" value="52.0"/>
    <property name="org.slf4j.simpleLogger.defaultLogLevel" value="info"/>
    <property name="user.country" value="CN"/>
    <property name="java.home" value="/Library/Java/JavaVirtualMachines/jdk1.8.0_74.jdk/Contents/Home/jre"/>
    <property name="java.vm.info" value="mixed mode"/>
    <property name="os.version" value="10.11.2"/>
    <property name="POM_VERSION" value="1.2.3-SNAPSHOT"/>
    <property name="sun.font.fontmanager" value="sun.font.CFontManager"/>
    <property name="path.separator" value=":"/>
    <property name="java.vm.version" value="25.74-b02"/>
    <property name="java.awt.printerjob" value="sun.lwawt.macosx.CPrinterJob"/>
    <property name="JAVA_HOME" value="/Library/java/JavaVirtualMachines/jdk1.8.0_74.jdk/Contents/Home"/>
    <property name="sun.io.unicode.encoding" value="UnicodeBig"/>
    <property name="awt.toolkit" value="sun.lwawt.macosx.LWCToolkit"/>
    <property name="LOGNAME" value="wkdu"/>
    <property name="socksNonProxyHosts" value="local|*.local|169.254/16|*.169.254/16"/>
    <property name="POM_PACKAGING" value="jar"/>
    <property name="ftp.nonProxyHosts" value="local|*.local|169.254/16|*.169.254/16"/>
    <property name="HOME" value="/Users/wkdu"/>
    <property name="POM_GROUPID" value="cucumber-test"/>
    <property name="user.home" value="/Users/wkdu"/>
    <property name="BUILD_TAG" value="jenkins-MavenProjectTest-19"/>
    <property name="JENKINS_SERVER_COOKIE" value="46d11388acdc7ce3"/>
    <property name="HUDSON_URL" value="http://localhost:8080/"/>
    <property name="XPC_SERVICE_NAME" value="0"/>
    <property name="java.specification.vendor" value="Oracle Corporation"/>
    <property name="CLASSPATH" value=""/>
    <property name="java.library.path" value="/Users/wkdu/Library/Java/Extensions:/Library/Java/Extensions:/Network/Library/Java/Extensions:/System/Library/Java/Extensions:/usr/lib/java:."/>
    <property name="java.vendor.url" value="http://java.oracle.com/"/>
    <property name="Apple_PubSub_Socket_Render" value="/private/tmp/com.apple.launchd.NnV2qi7CLf/Render"/>
    <property name="java.vm.vendor" value="Oracle Corporation"/>
    <property name="gopherProxySet" value="false"/>
    <property name="maven.home" value="/Users/wkdu/apache-maven-3.3.9"/>
    <property name="java.runtime.name" value="Java(TM) SE Runtime Environment"/>
    <property name="java.class.path" value="/Users/wkdu/.jenkins/plugins/maven-plugin/WEB-INF/lib/maven31-agent-1.5.jar:/Users/wkdu/apache-maven-3.3.9/boot/plexus-classworlds-2.5.2.jar:/Users/wkdu/apache-maven-3.3.9/conf/logging"/>
    <property name="sun.java.command" value="jenkins.maven3.agent.Maven31Main /Users/wkdu/apache-maven-3.3.9 /Users/wkdu/.jenkins/war/WEB-INF/lib/remoting-2.53.3.jar /Users/wkdu/.jenkins/plugins/maven-plugin/WEB-INF/lib/maven31-interceptor-1.5.jar /Users/wkdu/.jenkins/plugins/maven-plugin/WEB-INF/lib/maven3-interceptor-commons-1.5.jar 56941"/>
    <property name="java.vm.specification.name" value="Java Virtual Machine Specification"/>
    <property name="PATH+JDK" value="/Library/java/JavaVirtualMachines/jdk1.8.0_74.jdk/Contents/Home/bin"/>
    <property name="java.vm.specification.version" value="1.8"/>
    <property name="sun.os.patch.level" value="unknown"/>
    <property name="sun.cpu.endian" value="little"/>
    <property name="M2_HOME" value="/Users/wkdu/apache-maven-3.3.9"/>
    <property name="java.io.tmpdir" value="/var/folders/4h/d1sl3_hs1vd9fcm957x9qdqr0000gn/T/"/>
    <property name="HUDSON_HOME" value="/Users/wkdu/.jenkins"/>
    <property name="PATH+MAVEN" value="/Users/wkdu/apache-maven-3.3.9/bin"/>
    <property name="BUILD_URL" value="http://localhost:8080/job/MavenProjectTest/19/"/>
    <property name="java.vendor.url.bug" value="http://bugreport.sun.com/bugreport/"/>
    <property name="SSH_AUTH_SOCK" value="/private/tmp/com.apple.launchd.OLvcNvX0v2/Listeners"/>
    <property name="java.awt.graphicsenv" value="sun.awt.CGraphicsEnvironment"/>
    <property name="os.arch" value="x86_64"/>
    <property name="java.ext.dirs" value="/Users/wkdu/Library/Java/Extensions:/Library/Java/JavaVirtualMachines/jdk1.8.0_74.jdk/Contents/Home/jre/lib/ext:/Library/Java/Extensions:/Network/Library/Java/Extensions:/System/Library/Java/Extensions:/usr/lib/java"/>
    <property name="__CF_USER_TEXT_ENCODING" value="0x1F5:0x19:0x34"/>
    <property name="user.dir" value="/Users/wkdu/Cucumber"/>
    <property name="JOB_URL" value="http://localhost:8080/job/MavenProjectTest/"/>
    <property name="line.separator" value="
"/>
    <property name="MAVEN_HOME" value="/Users/wkdu/apache-maven-3.3.9"/>
    <property name="java.vm.name" value="Java HotSpot(TM) 64-Bit Server VM"/>
    <property name="BUILD_NUMBER" value="19"/>
    <property name="JENKINS_URL" value="http://localhost:8080/"/>
    <property name="GIT_BRANCH" value="origin/master"/>
    <property name="GIT_COMMIT" value="41818e117e3aee4d6da0753f5e1f99b501bbd21a"/>
    <property name="file.encoding" value="UTF-8"/>
    <property name="maven3.interceptor" value="/Users/wkdu/.jenkins/plugins/maven-plugin/WEB-INF/lib/maven31-interceptor-1.5.jar"/>
    <property name="WORKSPACE" value="/Users/wkdu/.jenkins/workspace/MavenProjectTest"/>
    <property name="maven3.interceptor.common" value="/Users/wkdu/.jenkins/plugins/maven-plugin/WEB-INF/lib/maven3-interceptor-commons-1.5.jar"/>
    <property name="GEM_PATH" value="file:/Users/wkdu/.jenkins/plugins/ruby-runtime/WEB-INF/lib/stapler-jruby-1.209.jar!/gem"/>
    <property name="java.specification.version" value="1.8"/>
    <property name="USER" value="wkdu"/>
    <property name="GIT_URL" value="git@github.com:WeikeDu/Cucumber.git"/>
  </properties>
  <testcase classname="Scenario: Sign-in functional testing" name="Given I navigate to the certain page" time="0.002"/>
  <testcase classname="Scenario: Sign-in functional testing" name="When I click the sign up button" time="0"/>
  <testcase classname="Scenario: Sign-in functional testing" name="And I fill in the account and password" time="0"/>
  <testcase classname="Scenario: Sign-in functional testing" name="Then I go to a welcome page" time="0"/>
  <testcase classname="Scenario: Sign-in functional testing" name="Scenario: Sign-in functional testing" time="0"/>
  <testcase classname="Scenario: Purchase product functional testing" name="Given I am at homepage" time="0"/>
  <testcase classname="Scenario: Purchase product functional testing" name="When I search for a certain product &quot;软件测试&quot;" time="0"/>
  <testcase classname="Scenario: Purchase product functional testing" name="And I click the product I want to purchase" time="0"/>
  <testcase classname="Scenario: Purchase product functional testing" name="Then Page shows that the product has been added to your shopping cart" time="0"/>
  <testcase classname="Scenario: Purchase product functional testing" name="And Delete the product in shopping cart" time="0"/>
  <testcase classname="Scenario: Purchase product functional testing" name="Scenario: Purchase product functional testing" time="0.001"/>
</testsuite>